[INFO] Scanning for projects...
[INFO] 
[INFO] --------------------< com.pikacards:pikacards-api >---------------------
[INFO] Building PikaCardsAPI 0.0.1-SNAPSHOT
[INFO]   from pom.xml
[INFO] --------------------------------[ jar ]---------------------------------
[INFO] 
[INFO] >>> spring-boot:3.5.0:run (default-cli) > test-compile @ pikacards-api >>>
[INFO] 
[INFO] --- resources:3.3.1:resources (default-resources) @ pikacards-api ---
[INFO] Copying 1 resource from src\main\resources to target\classes
[INFO] Copying 0 resource from src\main\resources to target\classes
[INFO] 
[INFO] --- compiler:3.14.0:compile (default-compile) @ pikacards-api ---
[INFO] Recompiling the module because of changed source code.
[INFO] Compiling 42 source files with javac [debug parameters release 17] to target\classes
[INFO] /C:/PikaCards/Backend-Seeltcg/src/main/java/com/pikacards/auth/service/AuthService.java: Some input files use unchecked or unsafe operations.
[INFO] /C:/PikaCards/Backend-Seeltcg/src/main/java/com/pikacards/auth/service/AuthService.java: Recompile with -Xlint:unchecked for details.
[INFO] 
[INFO] --- resources:3.3.1:testResources (default-testResources) @ pikacards-api ---
[INFO] skip non existing resourceDirectory C:\PikaCards\Backend-Seeltcg\src\test\resources
[INFO] 
[INFO] --- compiler:3.14.0:testCompile (default-testCompile) @ pikacards-api ---
[INFO] Recompiling the module because of changed dependency.
[INFO] Compiling 1 source file with javac [debug parameters release 17] to target\test-classes
[INFO] 
[INFO] <<< spring-boot:3.5.0:run (default-cli) < test-compile @ pikacards-api <<<
[INFO] 
[INFO] 
[INFO] --- spring-boot:3.5.0:run (default-cli) @ pikacards-api ---
[INFO] Attaching agents: []

  .   ____          _            __ _ _
 /\\ / ___'_ __ _ _(_)_ __  __ _ \ \ \ \
( ( )\___ | '_ | '_| | '_ \/ _` | \ \ \ \
 \\/  ___)| |_)| | | | | || (_| |  ) ) ) )
  '  |____| .__|_| |_|_| |_\__, | / / / /
 =========|_|==============|___/=/_/_/_/

 :: Spring Boot ::                (v3.5.0)

2026-06-07T16:11:12.450-05:00  INFO 4964 --- [pikacards-api] [           main] com.pikacards.PikaCardsApiApplication    : Starting PikaCardsApiApplication using Java 17.0.12 with PID 4964 (C:\PikaCards\Backend-Seeltcg\target\classes started by Usuario in C:\PikaCards\Backend-Seeltcg)
2026-06-07T16:11:12.454-05:00  INFO 4964 --- [pikacards-api] [           main] com.pikacards.PikaCardsApiApplication    : No active profile set, falling back to 1 default profile: "default"
2026-06-07T16:11:13.663-05:00  INFO 4964 --- [pikacards-api] [           main] .s.d.r.c.RepositoryConfigurationDelegate : Bootstrapping Spring Data JPA repositories in DEFAULT mode.
2026-06-07T16:11:13.782-05:00  INFO 4964 --- [pikacards-api] [           main] .s.d.r.c.RepositoryConfigurationDelegate : Finished Spring Data repository scanning in 109 ms. Found 4 JPA repository interfaces.
2026-06-07T16:11:14.525-05:00  INFO 4964 --- [pikacards-api] [           main] o.s.b.w.embedded.tomcat.TomcatWebServer  : Tomcat initialized with port 8080 (http)
2026-06-07T16:11:14.560-05:00  INFO 4964 --- [pikacards-api] [           main] o.apache.catalina.core.StandardService   : Starting service [Tomcat]
2026-06-07T16:11:14.561-05:00  INFO 4964 --- [pikacards-api] [           main] o.apache.catalina.core.StandardEngine    : Starting Servlet engine: [Apache Tomcat/10.1.41]
2026-06-07T16:11:14.685-05:00  INFO 4964 --- [pikacards-api] [           main] o.a.c.c.C.[Tomcat].[localhost].[/]       : Initializing Spring embedded WebApplicationContext
2026-06-07T16:11:14.687-05:00  INFO 4964 --- [pikacards-api] [           main] w.s.c.ServletWebServerApplicationContext : Root WebApplicationContext: initialization completed in 2178 ms
2026-06-07T16:11:14.858-05:00  INFO 4964 --- [pikacards-api] [           main] o.hibernate.jpa.internal.util.LogHelper  : HHH000204: Processing PersistenceUnitInfo [name: default]
2026-06-07T16:11:14.917-05:00  INFO 4964 --- [pikacards-api] [           main] org.hibernate.Version                    : HHH000412: Hibernate ORM core version 6.6.15.Final
2026-06-07T16:11:14.958-05:00  INFO 4964 --- [pikacards-api] [           main] o.h.c.internal.RegionFactoryInitiator    : HHH000026: Second-level cache disabled
2026-06-07T16:11:15.252-05:00  INFO 4964 --- [pikacards-api] [           main] o.s.o.j.p.SpringPersistenceUnitInfo      : No LoadTimeWeaver setup: ignoring JPA class transformer
2026-06-07T16:11:15.312-05:00  INFO 4964 --- [pikacards-api] [           main] com.zaxxer.hikari.HikariDataSource       : HikariPool-1 - Starting...
2026-06-07T16:11:15.557-05:00  INFO 4964 --- [pikacards-api] [           main] com.zaxxer.hikari.pool.HikariPool        : HikariPool-1 - Added connection conn0: url=jdbc:h2:mem:pikacards user=SA
2026-06-07T16:11:15.570-05:00  INFO 4964 --- [pikacards-api] [           main] com.zaxxer.hikari.HikariDataSource       : HikariPool-1 - Start completed.
2026-06-07T16:11:15.615-05:00  WARN 4964 --- [pikacards-api] [           main] org.hibernate.orm.deprecation            : HHH90000025: H2Dialect does not need to be specified explicitly using 'hibernate.dialect' (remove the property setting and it will be selected by default)
2026-06-07T16:11:15.676-05:00  INFO 4964 --- [pikacards-api] [           main] org.hibernate.orm.connections.pooling    : HHH10001005: Database info:
	Database JDBC URL [Connecting through datasource 'HikariDataSource (HikariPool-1)']
	Database driver: undefined/unknown
	Database version: 2.3.232
	Autocommit mode: undefined/unknown
	Isolation level: undefined/unknown
	Minimum pool size: undefined/unknown
	Maximum pool size: undefined/unknown
2026-06-07T16:11:16.912-05:00  INFO 4964 --- [pikacards-api] [           main] o.h.e.t.j.p.i.JtaPlatformInitiator       : HHH000489: No JTA platform available (set 'hibernate.transaction.jta.platform' to enable JTA platform integration)
Hibernate: 
    create table cards (
        id bigint generated by default as identity,
        artist varchar(100),
        card_id varchar(50) not null,
        hp varchar(10),
        image varchar(500),
        name varchar(100) not null,
        rarity varchar(50),
        set_id varchar(50),
        stock integer not null,
        subtypes varchar(200),
        supertype varchar(50),
        types varchar(200),
        primary key (id)
    )
Hibernate: 
    create table cart_items (
        id bigint generated by default as identity,
        quantity integer not null,
        card_id bigint not null,
        user_id bigint not null,
        primary key (id)
    )
Hibernate: 
    create table order_items (
        id bigint generated by default as identity,
        price numeric(10,2) not null,
        product_card_id varchar(50),
        product_id bigint not null,
        product_image varchar(500),
        product_name varchar(255) not null,
        quantity integer not null,
        order_id bigint not null,
        primary key (id)
    )
Hibernate: 
    create table orders (
        id bigint generated by default as identity,
        created_at timestamp(6) not null,
        total numeric(10,2) not null,
        user_id bigint not null,
        primary key (id)
    )
Hibernate: 
    create table users (
        id bigint generated by default as identity,
        avatar_url varchar(500),
        created_at timestamp(6) not null,
        email varchar(254),
        first_name varchar(150),
        last_name varchar(150),
        password varchar(255) not null,
        updated_at timestamp(6),
        username varchar(150) not null,
        primary key (id)
    )
Hibernate: 
    alter table if exists cards 
       drop constraint if exists UK12a2rkq9an62uq7b1mx8551hx
Hibernate: 
    alter table if exists cards 
       add constraint UK12a2rkq9an62uq7b1mx8551hx unique (card_id)
Hibernate: 
    alter table if exists users 
       drop constraint if exists UK6dotkott2kjsp8vw4d0m25fb7
Hibernate: 
    alter table if exists users 
       add constraint UK6dotkott2kjsp8vw4d0m25fb7 unique (email)
Hibernate: 
    alter table if exists users 
       drop constraint if exists UKr43af9ap4edm43mmtq01oddj6
Hibernate: 
    alter table if exists users 
       add constraint UKr43af9ap4edm43mmtq01oddj6 unique (username)
Hibernate: 
    alter table if exists cart_items 
       add constraint FK4siv3hkc0hras04aswufosagt 
       foreign key (card_id) 
       references cards
Hibernate: 
    alter table if exists cart_items 
       add constraint FK709eickf3kc0dujx3ub9i7btf 
       foreign key (user_id) 
       references users
Hibernate: 
    alter table if exists order_items 
       add constraint FKbioxgbv59vetrxe0ejfubep1w 
       foreign key (order_id) 
       references orders
Hibernate: 
    alter table if exists orders 
       add constraint FK32ql8ubntj5uh44ph9659tiih 
       foreign key (user_id) 
       references users
2026-06-07T16:11:17.086-05:00  INFO 4964 --- [pikacards-api] [           main] j.LocalContainerEntityManagerFactoryBean : Initialized JPA EntityManagerFactory for persistence unit 'default'
2026-06-07T16:11:17.600-05:00  INFO 4964 --- [pikacards-api] [           main] r$InitializeUserDetailsManagerConfigurer : Global AuthenticationManager configured with UserDetailsService bean with name customUserDetailsService
2026-06-07T16:11:17.676-05:00  INFO 4964 --- [pikacards-api] [           main] o.s.d.j.r.query.QueryEnhancerFactory     : Hibernate is in classpath; If applicable, HQL parser will be used.
2026-06-07T16:11:18.315-05:00  WARN 4964 --- [pikacards-api] [           main] JpaBaseConfiguration$JpaWebConfiguration : spring.jpa.open-in-view is enabled by default. Therefore, database queries may be performed during view rendering. Explicitly configure spring.jpa.open-in-view to disable this warning
2026-06-07T16:11:19.069-05:00  INFO 4964 --- [pikacards-api] [           main] o.s.b.a.h2.H2ConsoleAutoConfiguration    : H2 console available at '/h2-console'. Database available at 'jdbc:h2:mem:pikacards'
2026-06-07T16:11:19.201-05:00  INFO 4964 --- [pikacards-api] [           main] o.s.b.w.embedded.tomcat.TomcatWebServer  : Tomcat started on port 8080 (http) with context path '/'
2026-06-07T16:11:19.217-05:00  INFO 4964 --- [pikacards-api] [           main] com.pikacards.PikaCardsApiApplication    : Started PikaCardsApiApplication in 7.649 seconds (process running for 8.439)
2026-06-07T17:15:30.886-05:00  WARN 4964 --- [pikacards-api] [l-1:housekeeper] com.zaxxer.hikari.pool.HikariPool        : HikariPool-1 - Thread starvation or clock leap detected (housekeeper delta=51m44s999ms619µs).
2026-06-07T21:23:12.176-05:00  WARN 4964 --- [pikacards-api] [l-1:housekeeper] com.zaxxer.hikari.pool.HikariPool        : HikariPool-1 - Thread starvation or clock leap detected (housekeeper delta=3h11m40s401ms779µs).
